2022-05-05 14:23:59.021280800000 [$pid(ThreadId 5)] ERROR APP - user error (<getModule> loaded module can not find from path. <c:\Users\Lukas\Documents\Universiteit\2021_2022\Q4\kanker\agda2java\test\Spec.hs> [("Agda.Compiler.Options","C:\\Users\\Lukas\\Documents\\Universiteit\\2021_2022\\Q4\\kanker\\agda2java\\src\\Agda\\Compiler\\Options.hs")])
2022-05-05 14:23:59.029282200000 [$pid(ThreadId 5)] ERROR APP - user error (<getModule> loaded module can not find from path. <c:\Users\Lukas\Documents\Universiteit\2021_2022\Q4\kanker\agda2java\src\Agda\Compiler\ToJava.hs> [("Agda.Compiler.Options","C:\\Users\\Lukas\\Documents\\Universiteit\\2021_2022\\Q4\\kanker\\agda2java\\src\\Agda\\Compiler\\Options.hs")])
2022-05-05 14:23:59.121304400000 [$pid(ThreadId 5)] ERROR APP - start debugging failed. user error (ExecResult not found.) : Left "user error (ExecResult not found.)"
2022-05-05 16:44:41.820913900000 [$pid(ThreadId 5)] ERROR APP - user error (<getModule> loaded module can not find from path. <c:\Users\Lukas\Documents\Universiteit\2021_2022\Q4\kanker\agda2java\app\Main.hs> [("Agda.Compiler.Compiler","C:\\Users\\Lukas\\Documents\\Universiteit\\2021_2022\\Q4\\kanker\\agda2java\\src\\Agda\\Compiler\\Compiler.hs"),("Agda.Compiler.Options","C:\\Users\\Lukas\\Documents\\Universiteit\\2021_2022\\Q4\\kanker\\agda2java\\src\\Agda\\Compiler\\Options.hs"),("Agda.Compiler.Syntax","C:\\Users\\Lukas\\Documents\\Universiteit\\2021_2022\\Q4\\kanker\\agda2java\\src\\Agda\\Compiler\\Syntax.hs"),("Agda.Compiler.ToJava","C:\\Users\\Lukas\\Documents\\Universiteit\\2021_2022\\Q4\\kanker\\agda2java\\src\\Agda\\Compiler\\ToJava.hs"),("Lib","C:\\Users\\Lukas\\Documents\\Universiteit\\2021_2022\\Q4\\kanker\\agda2java\\src\\Lib.hs"),("Main","C:/Users/Lukas/Documents/Universiteit/2021_2022/Q4/kanker/agda2java/test/Spec.hs")])
2022-05-05 16:45:06.305037100000 [$pid(ThreadId 5)] ERROR APP - user error (no stacktrace found.)
2022-05-05 16:45:06.336043500000 [$pid(ThreadId 5)] ERROR APP - user error (no stacktrace found.)
2022-05-05 16:45:47.434294300000 [$pid(ThreadId 5)] ERROR APP - user error (<getModule> loaded module can not find from path. <c:\Users\Lukas\Documents\Universiteit\2021_2022\Q4\kanker\agda2java\app\Main.hs> [("Agda.Compiler.Compiler","C:\\Users\\Lukas\\Documents\\Universiteit\\2021_2022\\Q4\\kanker\\agda2java\\src\\Agda\\Compiler\\Compiler.hs"),("Agda.Compiler.Options","C:\\Users\\Lukas\\Documents\\Universiteit\\2021_2022\\Q4\\kanker\\agda2java\\src\\Agda\\Compiler\\Options.hs"),("Agda.Compiler.Syntax","C:\\Users\\Lukas\\Documents\\Universiteit\\2021_2022\\Q4\\kanker\\agda2java\\src\\Agda\\Compiler\\Syntax.hs"),("Agda.Compiler.ToJava","C:\\Users\\Lukas\\Documents\\Universiteit\\2021_2022\\Q4\\kanker\\agda2java\\src\\Agda\\Compiler\\ToJava.hs"),("Lib","C:\\Users\\Lukas\\Documents\\Universiteit\\2021_2022\\Q4\\kanker\\agda2java\\src\\Lib.hs"),("Main","C:/Users/Lukas/Documents/Universiteit/2021_2022/Q4/kanker/agda2java/test/Spec.hs")])
2022-05-05 16:45:47.467295200000 [$pid(ThreadId 5)] ERROR APP - start debugging failed. user error (ExecResult not found.) : Left "user error (ExecResult not found.)"
2022-05-05 16:50:27.442799200000 [$pid(ThreadId 5)] ERROR APP - user error (<getModule> loaded module can not find from path. <c:\Users\Lukas\Documents\Universiteit\2021_2022\Q4\kanker\agda2java\app\Main.hs> [("Agda.Compiler.Compiler","C:\\Users\\Lukas\\Documents\\Universiteit\\2021_2022\\Q4\\kanker\\agda2java\\src\\Agda\\Compiler\\Compiler.hs"),("Agda.Compiler.Options","C:\\Users\\Lukas\\Documents\\Universiteit\\2021_2022\\Q4\\kanker\\agda2java\\src\\Agda\\Compiler\\Options.hs"),("Agda.Compiler.Syntax","C:\\Users\\Lukas\\Documents\\Universiteit\\2021_2022\\Q4\\kanker\\agda2java\\src\\Agda\\Compiler\\Syntax.hs"),("Agda.Compiler.ToJava","C:\\Users\\Lukas\\Documents\\Universiteit\\2021_2022\\Q4\\kanker\\agda2java\\src\\Agda\\Compiler\\ToJava.hs"),("Lib","C:\\Users\\Lukas\\Documents\\Universiteit\\2021_2022\\Q4\\kanker\\agda2java\\src\\Lib.hs"),("Main","C:/Users/Lukas/Documents/Universiteit/2021_2022/Q4/kanker/agda2java/test/Spec.hs")])
2022-05-05 16:50:37.467680400000 [$pid(ThreadId 5)] ERROR APP - user error (no stacktrace found.)
2022-05-05 16:50:37.483683300000 [$pid(ThreadId 5)] ERROR APP - user error (no stacktrace found.)
2022-05-05 16:50:59.379677400000 [$pid(ThreadId 5)] ERROR APP - user error (<getModule> loaded module can not find from path. <c:\Users\Lukas\Documents\Universiteit\2021_2022\Q4\kanker\agda2java\app\Main.hs> [("Agda.Compiler.Compiler","C:\\Users\\Lukas\\Documents\\Universiteit\\2021_2022\\Q4\\kanker\\agda2java\\src\\Agda\\Compiler\\Compiler.hs"),("Agda.Compiler.Options","C:\\Users\\Lukas\\Documents\\Universiteit\\2021_2022\\Q4\\kanker\\agda2java\\src\\Agda\\Compiler\\Options.hs"),("Agda.Compiler.Syntax","C:\\Users\\Lukas\\Documents\\Universiteit\\2021_2022\\Q4\\kanker\\agda2java\\src\\Agda\\Compiler\\Syntax.hs"),("Agda.Compiler.ToJava","C:\\Users\\Lukas\\Documents\\Universiteit\\2021_2022\\Q4\\kanker\\agda2java\\src\\Agda\\Compiler\\ToJava.hs"),("Lib","C:\\Users\\Lukas\\Documents\\Universiteit\\2021_2022\\Q4\\kanker\\agda2java\\src\\Lib.hs"),("Main","C:/Users/Lukas/Documents/Universiteit/2021_2022/Q4/kanker/agda2java/test/Spec.hs")])
2022-05-05 16:52:06.485595000000 [$pid(ThreadId 5)] ERROR APP - user error (<getModule> loaded module can not find from path. <c:\Users\Lukas\Documents\Universiteit\2021_2022\Q4\kanker\agda2java\app\Main.hs> [("Agda.Compiler.Compiler","C:\\Users\\Lukas\\Documents\\Universiteit\\2021_2022\\Q4\\kanker\\agda2java\\src\\Agda\\Compiler\\Compiler.hs"),("Agda.Compiler.Options","C:\\Users\\Lukas\\Documents\\Universiteit\\2021_2022\\Q4\\kanker\\agda2java\\src\\Agda\\Compiler\\Options.hs"),("Agda.Compiler.Syntax","C:\\Users\\Lukas\\Documents\\Universiteit\\2021_2022\\Q4\\kanker\\agda2java\\src\\Agda\\Compiler\\Syntax.hs"),("Agda.Compiler.ToJava","C:\\Users\\Lukas\\Documents\\Universiteit\\2021_2022\\Q4\\kanker\\agda2java\\src\\Agda\\Compiler\\ToJava.hs"),("Lib","C:\\Users\\Lukas\\Documents\\Universiteit\\2021_2022\\Q4\\kanker\\agda2java\\src\\Lib.hs"),("Main","C:/Users/Lukas/Documents/Universiteit/2021_2022/Q4/kanker/agda2java/test/Spec.hs")])
2022-05-05 16:52:06.546061900000 [$pid(ThreadId 5)] ERROR APP - start debugging failed. user error (ExecResult not found.) : Left "user error (ExecResult not found.)"
2022-05-05 16:52:31.871445100000 [$pid(ThreadId 5)] ERROR APP - user error (<getModule> loaded module can not find from path. <c:\Users\Lukas\Documents\Universiteit\2021_2022\Q4\kanker\agda2java\app\Main.hs> [("Agda.Compiler.Compiler","C:\\Users\\Lukas\\Documents\\Universiteit\\2021_2022\\Q4\\kanker\\agda2java\\src\\Agda\\Compiler\\Compiler.hs"),("Agda.Compiler.Options","C:\\Users\\Lukas\\Documents\\Universiteit\\2021_2022\\Q4\\kanker\\agda2java\\src\\Agda\\Compiler\\Options.hs"),("Agda.Compiler.Syntax","C:\\Users\\Lukas\\Documents\\Universiteit\\2021_2022\\Q4\\kanker\\agda2java\\src\\Agda\\Compiler\\Syntax.hs"),("Agda.Compiler.ToJava","C:\\Users\\Lukas\\Documents\\Universiteit\\2021_2022\\Q4\\kanker\\agda2java\\src\\Agda\\Compiler\\ToJava.hs"),("Lib","C:\\Users\\Lukas\\Documents\\Universiteit\\2021_2022\\Q4\\kanker\\agda2java\\src\\Lib.hs"),("Main","C:/Users/Lukas/Documents/Universiteit/2021_2022/Q4/kanker/agda2java/test/Spec.hs")])
2022-05-05 16:52:31.903484700000 [$pid(ThreadId 5)] ERROR APP - start debugging failed. user error (ExecResult not found.) : Left "user error (ExecResult not found.)"
2022-05-05 16:52:58.417242000000 [$pid(ThreadId 5)] ERROR APP - user error (<getModule> loaded module can not find from path. <c:\Users\Lukas\Documents\Universiteit\2021_2022\Q4\kanker\agda2java\app\Main.hs> [("Agda.Compiler.Compiler","C:\\Users\\Lukas\\Documents\\Universiteit\\2021_2022\\Q4\\kanker\\agda2java\\src\\Agda\\Compiler\\Compiler.hs"),("Agda.Compiler.Options","C:\\Users\\Lukas\\Documents\\Universiteit\\2021_2022\\Q4\\kanker\\agda2java\\src\\Agda\\Compiler\\Options.hs"),("Agda.Compiler.Syntax","C:\\Users\\Lukas\\Documents\\Universiteit\\2021_2022\\Q4\\kanker\\agda2java\\src\\Agda\\Compiler\\Syntax.hs"),("Agda.Compiler.ToJava","C:\\Users\\Lukas\\Documents\\Universiteit\\2021_2022\\Q4\\kanker\\agda2java\\src\\Agda\\Compiler\\ToJava.hs"),("Lib","C:\\Users\\Lukas\\Documents\\Universiteit\\2021_2022\\Q4\\kanker\\agda2java\\src\\Lib.hs"),("Main","C:/Users/Lukas/Documents/Universiteit/2021_2022/Q4/kanker/agda2java/test/Spec.hs")])
2022-05-05 16:52:58.470236500000 [$pid(ThreadId 5)] ERROR APP - start debugging failed. user error (ExecResult not found.) : Left "user error (ExecResult not found.)"
2022-05-05 16:53:17.106398000000 [$pid(ThreadId 5)] ERROR APP - user error (<getModule> loaded module can not find from path. <c:\Users\Lukas\Documents\Universiteit\2021_2022\Q4\kanker\agda2java\app\Main.hs> [("Agda.Compiler.Compiler","C:\\Users\\Lukas\\Documents\\Universiteit\\2021_2022\\Q4\\kanker\\agda2java\\src\\Agda\\Compiler\\Compiler.hs"),("Agda.Compiler.Options","C:\\Users\\Lukas\\Documents\\Universiteit\\2021_2022\\Q4\\kanker\\agda2java\\src\\Agda\\Compiler\\Options.hs"),("Agda.Compiler.Syntax","C:\\Users\\Lukas\\Documents\\Universiteit\\2021_2022\\Q4\\kanker\\agda2java\\src\\Agda\\Compiler\\Syntax.hs"),("Agda.Compiler.ToJava","C:\\Users\\Lukas\\Documents\\Universiteit\\2021_2022\\Q4\\kanker\\agda2java\\src\\Agda\\Compiler\\ToJava.hs"),("Lib","C:\\Users\\Lukas\\Documents\\Universiteit\\2021_2022\\Q4\\kanker\\agda2java\\src\\Lib.hs"),("Main","C:/Users/Lukas/Documents/Universiteit/2021_2022/Q4/kanker/agda2java/test/Spec.hs")])
2022-05-05 16:53:17.174415700000 [$pid(ThreadId 5)] ERROR APP - start debugging failed. user error (ExecResult not found.) : Left "user error (ExecResult not found.)"
2022-05-05 16:56:06.331423800000 [$pid(ThreadId 5)] ERROR APP - user error (<getModule> loaded module can not find from path. <c:\Users\Lukas\Documents\Universiteit\2021_2022\Q4\kanker\agda2java\app\Main.hs> [("Agda.Compiler.Compiler","C:\\Users\\Lukas\\Documents\\Universiteit\\2021_2022\\Q4\\kanker\\agda2java\\src\\Agda\\Compiler\\Compiler.hs"),("Agda.Compiler.Options","C:\\Users\\Lukas\\Documents\\Universiteit\\2021_2022\\Q4\\kanker\\agda2java\\src\\Agda\\Compiler\\Options.hs"),("Agda.Compiler.Syntax","C:\\Users\\Lukas\\Documents\\Universiteit\\2021_2022\\Q4\\kanker\\agda2java\\src\\Agda\\Compiler\\Syntax.hs"),("Agda.Compiler.ToJava","C:\\Users\\Lukas\\Documents\\Universiteit\\2021_2022\\Q4\\kanker\\agda2java\\src\\Agda\\Compiler\\ToJava.hs"),("Lib","C:\\Users\\Lukas\\Documents\\Universiteit\\2021_2022\\Q4\\kanker\\agda2java\\src\\Lib.hs"),("Main","C:/Users/Lukas/Documents/Universiteit/2021_2022/Q4/kanker/agda2java/test/Spec.hs")])
2022-05-05 16:56:06.384435800000 [$pid(ThreadId 5)] ERROR APP - start debugging failed. user error (ExecResult not found.) : Left "user error (ExecResult not found.)"
2022-05-05 16:57:25.261151200000 [$pid(ThreadId 5)] ERROR APP - user error (<getModule> loaded module can not find from path. <c:\Users\Lukas\Documents\Universiteit\2021_2022\Q4\kanker\agda2java\app\Main.hs> [("Agda.Compiler.Compiler","C:\\Users\\Lukas\\Documents\\Universiteit\\2021_2022\\Q4\\kanker\\agda2java\\src\\Agda\\Compiler\\Compiler.hs"),("Agda.Compiler.Options","C:\\Users\\Lukas\\Documents\\Universiteit\\2021_2022\\Q4\\kanker\\agda2java\\src\\Agda\\Compiler\\Options.hs"),("Agda.Compiler.Syntax","C:\\Users\\Lukas\\Documents\\Universiteit\\2021_2022\\Q4\\kanker\\agda2java\\src\\Agda\\Compiler\\Syntax.hs"),("Agda.Compiler.ToJava","C:\\Users\\Lukas\\Documents\\Universiteit\\2021_2022\\Q4\\kanker\\agda2java\\src\\Agda\\Compiler\\ToJava.hs"),("Lib","C:\\Users\\Lukas\\Documents\\Universiteit\\2021_2022\\Q4\\kanker\\agda2java\\src\\Lib.hs"),("Main","C:/Users/Lukas/Documents/Universiteit/2021_2022/Q4/kanker/agda2java/test/Spec.hs")])
2022-05-05 16:57:25.314163600000 [$pid(ThreadId 5)] ERROR APP - start debugging failed. user error (ExecResult not found.) : Left "user error (ExecResult not found.)"
2022-05-05 17:02:41.285667700000 [$pid(ThreadId 5)] ERROR APP - user error (no stacktrace found.)
2022-05-05 17:02:41.301671000000 [$pid(ThreadId 5)] ERROR APP - user error (no stacktrace found.)
2022-05-05 17:02:47.395649400000 [$pid(ThreadId 5)] ERROR APP - user error (ExecResult not found.)
2022-05-05 17:05:08.147762900000 [$pid(ThreadId 4)] WARNING REQUEST - unsupported request command. {"command":"stepOut","arguments":{"threadId":0},"type":"request","seq":18}
2022-05-05 17:24:37.142360300000 [$pid(ThreadId 5)] ERROR APP - user error (no stacktrace found.)
2022-05-05 17:24:39.665216900000 [$pid(ThreadId 5)] ERROR APP - user error (ExecResult not found.)
2022-05-05 17:28:09.882731500000 [$pid(ThreadId 5)] ERROR APP - start debugging failed. user error (ExecResult not found.) : Left "user error (ExecResult not found.)"
2022-05-05 17:28:23.326122000000 [$pid(ThreadId 5)] ERROR APP - start debugging failed. user error (ExecResult not found.) : Left "user error (ExecResult not found.)"
2022-05-05 18:52:49.743507100000 [$pid(ThreadId 4)] CRITICAL REQUEST - invalid HANDLE. eof.
2022-05-06 21:38:24.272647500000 [$pid(ThreadId 5)] ERROR APP - start debugging failed. user error (ExecResult not found.) : Left "user error (ExecResult not found.)"
2022-05-06 21:38:45.972341800000 [$pid(ThreadId 5)] ERROR APP - [CRITICAL] can not get the initial ghci prompt.
2022-05-06 22:01:57.398899600000 [$pid(ThreadId 4)] WARNING REQUEST - unsupported request command. {"command":"stepOut","arguments":{"threadId":0},"type":"request","seq":91}
2022-05-09 21:37:10.529404200000 [$pid(ThreadId 5)] ERROR APP - start debugging failed. user error (ExecResult not found.) : Left "user error (ExecResult not found.)"
2022-05-10 20:02:39.057249600000 [$pid(ThreadId 5)] ERROR APP - start debugging failed. user error (ExecResult not found.) : Left "user error (ExecResult not found.)"
2022-05-10 20:34:18.587454700000 [$pid(ThreadId 5)] ERROR APP - user error (variable id:12 not found.)
2022-05-10 20:35:07.897255600000 [$pid(ThreadId 5)] ERROR APP - user error (variable id:10 not found.)
2022-05-10 20:36:14.482129500000 [$pid(ThreadId 5)] ERROR APP - user error (variable id:12 not found.)
2022-05-10 20:36:17.062686700000 [$pid(ThreadId 5)] ERROR APP - user error (variable id:10 not found.)
2022-05-11 17:36:55.451893100000 [$pid(ThreadId 5)] ERROR APP - start debugging failed. user error (ExecResult not found.) : Left "user error (ExecResult not found.)"
2022-05-11 17:37:45.536399100000 [$pid(ThreadId 5)] ERROR APP - start debugging failed. user error (ExecResult not found.) : Left "user error (ExecResult not found.)"
2022-05-11 17:41:11.436700200000 [$pid(ThreadId 5)] ERROR APP - start debugging failed. user error (ExecResult not found.) : Left "user error (ExecResult not found.)"
2022-05-11 17:43:18.360148900000 [$pid(ThreadId 5)] ERROR APP - start debugging failed. user error (ExecResult not found.) : Left "user error (ExecResult not found.)"
2022-05-11 17:43:45.567425200000 [$pid(ThreadId 5)] ERROR APP - start debugging failed. user error (ExecResult not found.) : Left "user error (ExecResult not found.)"
2022-05-11 18:07:03.890517400000 [$pid(ThreadId 5)] ERROR APP - start debugging failed. user error (ExecResult not found.) : Left "user error (ExecResult not found.)"
2022-05-11 18:19:19.545714200000 [$pid(ThreadId 4)] CRITICAL REQUEST - invalid HANDLE. eof.
2022-05-23 22:12:52.646354200000 [$pid(ThreadId 5)] ERROR APP - user error (<getModule> loaded module can not find from path. <c:\Users\Lukas\Documents\Universiteit\2021_2022\Q4\kanker\agda2java\src\Agda\Compiler\Compiler.hs> [("Agda.Compiler.Options","C:\\Users\\Lukas\\Documents\\Universiteit\\2021_2022\\Q4\\kanker\\agda2java\\src\\Agda\\Compiler\\Options.hs"),("Agda.Compiler.Syntax","C:\\Users\\Lukas\\Documents\\Universiteit\\2021_2022\\Q4\\kanker\\agda2java\\src\\Agda\\Compiler\\Syntax.hs")])
2022-05-23 22:12:52.665418300000 [$pid(ThreadId 5)] ERROR APP - user error (<getModule> loaded module can not find from path. <c:\Users\Lukas\Documents\Universiteit\2021_2022\Q4\kanker\agda2java\src\Agda\Compiler\ToJava.hs> [("Agda.Compiler.Options","C:\\Users\\Lukas\\Documents\\Universiteit\\2021_2022\\Q4\\kanker\\agda2java\\src\\Agda\\Compiler\\Options.hs"),("Agda.Compiler.Syntax","C:\\Users\\Lukas\\Documents\\Universiteit\\2021_2022\\Q4\\kanker\\agda2java\\src\\Agda\\Compiler\\Syntax.hs")])
2022-05-23 22:12:52.695455900000 [$pid(ThreadId 5)] ERROR APP - start debugging failed. user error (ExecResult not found.) : Left "user error (ExecResult not found.)"
2022-05-23 22:17:10.486265000000 [$pid(ThreadId 4)] CRITICAL REQUEST - invalid HANDLE. eof.
2022-05-27 21:19:50.900532400000 [$pid(ThreadId 5)] ERROR APP - user error (no stacktrace found.)
2022-05-27 21:19:50.932069700000 [$pid(ThreadId 5)] ERROR APP - user error (no stacktrace found.)
2022-05-27 21:19:53.229229700000 [$pid(ThreadId 5)] ERROR APP - user error (ExecResult not found.)
2022-05-28 17:07:08.213391100000 [$pid(ThreadId 5)] ERROR APP - start debugging failed. user error (ExecResult not found.) : Left "user error (ExecResult not found.)"
2022-05-29 16:30:27.509802800000 [$pid(ThreadId 5)] ERROR APP - user error (no stacktrace found.)
2022-05-29 16:30:27.539809600000 [$pid(ThreadId 5)] ERROR APP - user error (no stacktrace found.)
2022-05-29 16:30:30.046148100000 [$pid(ThreadId 5)] ERROR APP - user error (ExecResult not found.)
2022-05-29 16:43:38.871198300000 [$pid(ThreadId 5)] ERROR APP - start debugging failed. user error (ExecResult not found.) : Left "user error (ExecResult not found.)"
2022-06-01 20:43:16.075660700000 [$pid(ThreadId 5)] ERROR APP - start debugging failed. user error (ExecResult not found.) : Left "user error (ExecResult not found.)"
2022-06-02 23:52:05.344163800000 [$pid(ThreadId 5)] ERROR APP - start debugging failed. user error (ExecResult not found.) : Left "user error (ExecResult not found.)"
2022-06-02 23:52:19.177735000000 [$pid(ThreadId 5)] ERROR APP - start debugging failed. user error (ExecResult not found.) : Left "user error (ExecResult not found.)"
2022-06-03 00:17:31.217888800000 [$pid(ThreadId 5)] ERROR APP - user error (no stacktrace found.)
2022-06-03 00:17:31.248897400000 [$pid(ThreadId 5)] ERROR APP - user error (no stacktrace found.)
2022-06-03 00:17:35.649531400000 [$pid(ThreadId 5)] ERROR APP - user error (ExecResult not found.)
2022-06-03 00:18:06.576795900000 [$pid(ThreadId 5)] ERROR APP - user error (no stacktrace found.)
2022-06-03 00:18:06.591799400000 [$pid(ThreadId 5)] ERROR APP - user error (no stacktrace found.)
2022-06-03 00:18:08.641523500000 [$pid(ThreadId 5)] ERROR APP - user error (ExecResult not found.)
2022-06-03 00:20:33.740293200000 [$pid(ThreadId 5)] ERROR APP - start debugging failed. user error (ExecResult not found.) : Left "user error (ExecResult not found.)"
2022-06-03 00:28:59.892649300000 [$pid(ThreadId 5)] ERROR APP - user error (no stacktrace found.)
2022-06-03 00:28:59.908653100000 [$pid(ThreadId 5)] ERROR APP - user error (no stacktrace found.)
2022-06-03 00:29:02.069658700000 [$pid(ThreadId 5)] ERROR APP - user error (ExecResult not found.)
2022-06-03 00:58:38.713412400000 [$pid(ThreadId 5)] ERROR APP - user error (no stacktrace found.)
2022-06-03 00:58:38.761431000000 [$pid(ThreadId 5)] ERROR APP - user error (no stacktrace found.)
2022-06-03 00:58:41.551432300000 [$pid(ThreadId 5)] ERROR APP - user error (ExecResult not found.)
2022-06-03 01:00:40.589924800000 [$pid(ThreadId 5)] ERROR APP - user error (no stacktrace found.)
2022-06-03 01:00:40.651199000000 [$pid(ThreadId 5)] ERROR APP - user error (no stacktrace found.)
2022-06-03 01:04:42.775195200000 [$pid(ThreadId 5)] ERROR APP - user error (ExecResult not found.)
2022-06-03 01:13:28.973922600000 [$pid(ThreadId 5)] ERROR APP - user error (no stacktrace found.)
2022-06-03 01:13:28.989925600000 [$pid(ThreadId 5)] ERROR APP - user error (no stacktrace found.)
2022-06-03 01:13:30.097902300000 [$pid(ThreadId 5)] ERROR APP - user error (ExecResult not found.)
2022-06-03 01:15:47.949713700000 [$pid(ThreadId 5)] ERROR APP - user error (no stacktrace found.)
2022-06-03 01:15:47.965716800000 [$pid(ThreadId 5)] ERROR APP - user error (no stacktrace found.)
2022-06-03 01:40:16.726896000000 [$pid(ThreadId 5)] ERROR APP - user error (no stacktrace found.)
2022-06-03 01:40:16.741899700000 [$pid(ThreadId 5)] ERROR APP - user error (no stacktrace found.)
2022-06-03 01:40:19.162082000000 [$pid(ThreadId 5)] ERROR APP - user error (ExecResult not found.)
2022-06-05 16:34:04.216252400000 [$pid(ThreadId 5)] ERROR APP - user error (no stacktrace found.)
2022-06-05 16:34:04.264180400000 [$pid(ThreadId 5)] ERROR APP - user error (no stacktrace found.)
2022-06-05 16:34:07.122696700000 [$pid(ThreadId 5)] ERROR APP - user error (ExecResult not found.)
2022-06-05 19:20:19.489061800000 [$pid(ThreadId 5)] ERROR APP - user error (no stacktrace found.)
2022-06-05 19:20:19.557332400000 [$pid(ThreadId 5)] ERROR APP - user error (no stacktrace found.)
2022-06-05 19:20:21.217213900000 [$pid(ThreadId 5)] ERROR APP - user error (ExecResult not found.)
2022-06-06 23:48:31.686488800000 [$pid(ThreadId 5)] ERROR APP - user error (no stacktrace found.)
2022-06-06 23:48:31.718477400000 [$pid(ThreadId 5)] ERROR APP - user error (no stacktrace found.)
2022-06-06 23:48:33.621564600000 [$pid(ThreadId 5)] ERROR APP - user error (ExecResult not found.)
